This is pdfTeX, Version 3.14159265-2.6-1.40.20 (MiKTeX 2.9.7250 64-bit) (preloaded format=pdflatex 2019.12.22)  26 JAN 2020 14:33
entering extended mode
**d:/GoogleDrive/dosen/uny/kuliah/2020-1/format-laporan-praktikum-latex/laporan-praktikum-digital.tex
(d:/GoogleDrive/dosen/uny/kuliah/2020-1/format-laporan-praktikum-latex/laporan-praktikum-digital.tex
LaTeX2e <2019-10-01> patch level 3
("C:\Users\HP\AppData\Local\Programs\MiKTeX 2.9\tex/latex/base\book.cls"
Document Class: book 2019/10/25 v1.4k Standard LaTeX document class
("C:\Users\HP\AppData\Local\Programs\MiKTeX 2.9\tex/latex/base\bk12.clo"
File: bk12.clo 2019/10/25 v1.4k Standard LaTeX file (size option)
)
\c@part=\count80
\c@chapter=\count81
\c@section=\count82
\c@subsection=\count83
\c@subsubsection=\count84
\c@paragraph=\count85
\c@subparagraph=\count86
\c@figure=\count87
\c@table=\count88
\abovecaptionskip=\skip41
\belowcaptionskip=\skip42
\bibindent=\dimen102
) ("C:\Users\HP\AppData\Local\Programs\MiKTeX 2.9\tex/generic/babel\babel.sty"
Package: babel 2019/12/08 3.37 The Babel package
 ("C:\Users\HP\AppData\Local\Programs\MiKTeX 2.9\tex/generic/babel\switch.def"
File: switch.def 2019/12/08 3.37 Babel switching mechanism
)
*************************************
* Local config file bblopts.cfg used
*
("C:\Users\HP\AppData\Local\Programs\MiKTeX 2.9\tex/latex/arabi\bblopts.cfg"
File: bblopts.cfg 2005/09/08 v0.1 add Arabic and Farsi to "declared" options of babel
) ("C:\Users\HP\AppData\Local\Programs\MiKTeX 2.9\tex/latex/babel-indonesian\bahasai.ldf"
Language: bahasai 2017/02/15 v1.0m Bahasa Indonesia support from the babel system
 ("C:\Users\HP\AppData\Local\Programs\MiKTeX 2.9\tex/latex/babel-indonesian\indonesian.ldf"
Language: indonesian 2017/02/15 v1.0m Bahasa Indonesia support from the babel system
 ("C:\Users\HP\AppData\Local\Programs\MiKTeX 2.9\tex/generic/babel\babel.def"
File: babel.def 2019/12/08 3.37 Babel common definitions
\babel@savecnt=\count89
\U@D=\dimen103
 ("C:\Users\HP\AppData\Local\Programs\MiKTeX 2.9\tex/generic/babel\txtbabel.def")
\bbl@dirlevel=\count90
)))) ("C:\Users\HP\AppData\Local\Programs\MiKTeX 2.9\tex/latex/geometry-de\geometry.sty"
Package: geometry 2010/09/12 v5.6 Page Geometry
 ("C:\Users\HP\AppData\Local\Programs\MiKTeX 2.9\tex/latex/graphics\keyval.sty"
Package: keyval 2014/10/28 v1.15 key=value parser (DPC)
\KV@toks@=\toks14
) ("C:\Users\HP\AppData\Local\Programs\MiKTeX 2.9\tex/generic/iftex\ifpdf.sty"
Package: ifpdf 2019/10/25 v3.4 ifpdf legacy package. Use iftex instead.
 ("C:\Users\HP\AppData\Local\Programs\MiKTeX 2.9\tex/generic/iftex\iftex.sty"
Package: iftex 2019/11/07 v1.0c TeX engine tests
)) ("C:\Users\HP\AppData\Local\Programs\MiKTeX 2.9\tex/generic/iftex\ifvtex.sty"
Package: ifvtex 2019/10/25 v1.7 ifvtex legacy package. Use iftex instead.
) ("C:\Users\HP\AppData\Local\Programs\MiKTeX 2.9\tex/generic/iftex\ifxetex.sty"
Package: ifxetex 2019/10/25 v0.7 ifxetex legacy package. Use iftex instead.
)
\Gm@cnth=\count91
\Gm@cntv=\count92
\c@Gm@tempcnt=\count93
\Gm@bindingoffset=\dimen104
\Gm@wd@mp=\dimen105
\Gm@odd@mp=\dimen106
\Gm@even@mp=\dimen107
\Gm@layoutwidth=\dimen108
\Gm@layoutheight=\dimen109
\Gm@layouthoffset=\dimen110
\Gm@layoutvoffset=\dimen111
\Gm@dimlist=\toks15
 ("C:\Users\HP\AppData\Local\Programs\MiKTeX 2.9\tex/latex/geometry\geometry.cfg")) ("C:\Users\HP\AppData\Local\Programs\MiKTeX 2.9\tex/latex/hyperref\hyperref.sty"
Package: hyperref 2019/11/10 v7.00c Hypertext links for LaTeX
 ("C:\Users\HP\AppData\Local\Programs\MiKTeX 2.9\tex/generic/ltxcmds\ltxcmds.sty"
Package: ltxcmds 2019/12/15 v1.24 LaTeX kernel commands for general use (HO)
) ("C:\Users\HP\AppData\Local\Programs\MiKTeX 2.9\tex/latex/pdftexcmds\pdftexcmds.sty"
Package: pdftexcmds 2019/11/24 v0.31 Utility functions of pdfTeX for LuaTeX (HO)
 ("C:\Users\HP\AppData\Local\Programs\MiKTeX 2.9\tex/generic/infwarerr\infwarerr.sty"
Package: infwarerr 2019/12/03 v1.5 Providing info/warning/error messages (HO)
)
Package pdftexcmds Info: \pdf@primitive is available.
Package pdftexcmds Info: \pdf@ifprimitive is available.
Package pdftexcmds Info: \pdfdraftmode found.
) ("C:\Users\HP\AppData\Local\Programs\MiKTeX 2.9\tex/generic/kvsetkeys\kvsetkeys.sty"
Package: kvsetkeys 2019/12/15 v1.18 Key value parser (HO)
) ("C:\Users\HP\AppData\Local\Programs\MiKTeX 2.9\tex/generic/kvdefinekeys\kvdefinekeys.sty"
Package: kvdefinekeys 2019-12-19 v1.6 Define keys (HO)
) ("C:\Users\HP\AppData\Local\Programs\MiKTeX 2.9\tex/generic/pdfescape\pdfescape.sty"
Package: pdfescape 2019/12/09 v1.15 Implements pdfTeX's escape features (HO)
) ("C:\Users\HP\AppData\Local\Programs\MiKTeX 2.9\tex/latex/hycolor\hycolor.sty"
Package: hycolor 2019/12/15 v1.9 Color options for hyperref/bookmark (HO)
 ("C:\Users\HP\AppData\Local\Programs\MiKTeX 2.9\tex/latex/hycolor\xcolor-patch.sty"
Package: xcolor-patch 2019/12/15 xcolor patch
 ("C:\Users\HP\AppData\Local\Programs\MiKTeX 2.9\tex/latex/oberdiek\hopatch.sty"
Package: hopatch 2016/05/16 v1.3 Wrapper for package hooks (HO)
))) ("C:\Users\HP\AppData\Local\Programs\MiKTeX 2.9\tex/latex/letltxmacro\letltxmacro.sty"
Package: letltxmacro 2019/12/03 v1.6 Let assignment for LaTeX macros (HO)
) ("C:\Users\HP\AppData\Local\Programs\MiKTeX 2.9\tex/latex/auxhook\auxhook.sty"
Package: auxhook 2019-12-17 v1.6 Hooks for auxiliary files (HO)
) ("C:\Users\HP\AppData\Local\Programs\MiKTeX 2.9\tex/latex/kvoptions\kvoptions.sty"
Package: kvoptions 2019/11/29 v3.13 Key value format for package options (HO)
)
\@linkdim=\dimen112
\Hy@linkcounter=\count94
\Hy@pagecounter=\count95
 ("C:\Users\HP\AppData\Local\Programs\MiKTeX 2.9\tex/latex/hyperref\pd1enc.def"
File: pd1enc.def 2019/11/10 v7.00c Hyperref: PDFDocEncoding definition (HO)
Now handling font encoding PD1 ...
... no UTF-8 mapping file for font encoding PD1
) ("C:\Users\HP\AppData\Local\Programs\MiKTeX 2.9\tex/generic/intcalc\intcalc.sty"
Package: intcalc 2019/12/15 v1.3 Expandable calculations with integers (HO)
) ("C:\Users\HP\AppData\Local\Programs\MiKTeX 2.9\tex/generic/etexcmds\etexcmds.sty"
Package: etexcmds 2019/12/15 v1.7 Avoid name clashes with e-TeX commands (HO)
)
\Hy@SavedSpaceFactor=\count96
 ("C:\Users\HP\AppData\Local\Programs\MiKTeX 2.9\tex/latex/00miktex\hyperref.cfg"
File: hyperref.cfg 2002/06/06 v1.2 hyperref configuration of TeXLive
)
Package hyperref Info: Hyper figures OFF on input line 4535.
Package hyperref Info: Link nesting OFF on input line 4540.
Package hyperref Info: Hyper index ON on input line 4543.
Package hyperref Info: Plain pages OFF on input line 4550.
Package hyperref Info: Backreferencing OFF on input line 4555.
Package hyperref Info: Implicit mode ON; LaTeX internals redefined.
Package hyperref Info: Bookmarks ON on input line 4788.
\c@Hy@tempcnt=\count97
 ("C:\Users\HP\AppData\Local\Programs\MiKTeX 2.9\tex/latex/url\url.sty"
\Urlmuskip=\muskip10
Package: url 2013/09/16  ver 3.4  Verb mode for urls, etc.
)
LaTeX Info: Redefining \url on input line 5147.
\XeTeXLinkMargin=\dimen113
 ("C:\Users\HP\AppData\Local\Programs\MiKTeX 2.9\tex/generic/bitset\bitset.sty"
Package: bitset 2019/12/09 v1.3 Handle bit-vector datatype (HO)
 ("C:\Users\HP\AppData\Local\Programs\MiKTeX 2.9\tex/generic/bigintcalc\bigintcalc.sty"
Package: bigintcalc 2019/12/15 v1.5 Expandable calculations on big integers (HO)
))
\Fld@menulength=\count98
\Field@Width=\dimen114
\Fld@charsize=\dimen115
Package hyperref Info: Hyper figures OFF on input line 6418.
Package hyperref Info: Link nesting OFF on input line 6423.
Package hyperref Info: Hyper index ON on input line 6426.
Package hyperref Info: backreferencing OFF on input line 6433.
Package hyperref Info: Link coloring OFF on input line 6438.
Package hyperref Info: Link coloring with OCG OFF on input line 6443.
Package hyperref Info: PDF/A mode OFF on input line 6448.
LaTeX Info: Redefining \ref on input line 6488.
LaTeX Info: Redefining \pageref on input line 6492.
 ("C:\Users\HP\AppData\Local\Programs\MiKTeX 2.9\tex/generic/atbegshi\atbegshi.sty"
Package: atbegshi 2019/12/05 v1.19 At begin shipout hook (HO)
)
\Hy@abspage=\count99
\c@Item=\count100
\c@Hfootnote=\count101
)
Package hyperref Info: Driver (autodetected): hpdftex.
 ("C:\Users\HP\AppData\Local\Programs\MiKTeX 2.9\tex/latex/hyperref\hpdftex.def"
File: hpdftex.def 2019/11/10 v7.00c Hyperref driver for pdfTeX
 ("C:\Users\HP\AppData\Local\Programs\MiKTeX 2.9\tex/latex/atveryend\atveryend.sty"
Package: atveryend 2019-12-11 v1.11 Hooks at the very end of document (HO)
Package atveryend Info: \enddocument detected (standard20110627).
)
\Fld@listcount=\count102
\c@bookmark@seq@number=\count103
 ("C:\Users\HP\AppData\Local\Programs\MiKTeX 2.9\tex/latex/rerunfilecheck\rerunfilecheck.sty"
Package: rerunfilecheck 2019/12/05 v1.9 Rerun checks for auxiliary files (HO)
 ("C:\Users\HP\AppData\Local\Programs\MiKTeX 2.9\tex/generic/uniquecounter\uniquecounter.sty"
Package: uniquecounter 2019/12/15 v1.4 Provide unlimited unique counter (HO)
)
Package uniquecounter Info: New unique counter `rerunfilecheck' on input line 286.
)
\Hy@SectionHShift=\skip43
) ("C:\Users\HP\AppData\Local\Programs\MiKTeX 2.9\tex/latex/tocbibind\tocbibind.sty"
Package: tocbibind 2010/10/13 v1.5k extra ToC listings
Package tocbibind Info: The document has chapter divisions on input line 50.


Package tocbibind Note: Using chapter style headings, unless overridden.

) ("C:\Users\HP\AppData\Local\Programs\MiKTeX 2.9\tex/latex/enumitem\enumitem.sty"
Package: enumitem 2019/06/20 v3.9 Customized lists
\labelindent=\skip44
\enit@outerparindent=\dimen116
\enit@toks=\toks16
\enit@inbox=\box27
\enit@count@id=\count104
\enitdp@description=\count105
) ("C:\Users\HP\AppData\Local\Programs\MiKTeX 2.9\tex/latex/tools\indentfirst.sty"
Package: indentfirst 1995/11/23 v1.03 Indent first paragraph (DPC)
) ("C:\Users\HP\AppData\Local\Programs\MiKTeX 2.9\tex/latex/graphics\graphicx.sty"
Package: graphicx 2017/06/01 v1.1a Enhanced LaTeX Graphics (DPC,SPQR)
 ("C:\Users\HP\AppData\Local\Programs\MiKTeX 2.9\tex/latex/graphics\graphics.sty"
Package: graphics 2019/11/01 v1.3d Standard LaTeX Graphics (DPC,SPQR)
 ("C:\Users\HP\AppData\Local\Programs\MiKTeX 2.9\tex/latex/graphics\trig.sty"
Package: trig 2016/01/03 v1.10 sin cos tan (DPC)
) ("C:\Users\HP\AppData\Local\Programs\MiKTeX 2.9\tex/latex/graphics-cfg\graphics.cfg"
File: graphics.cfg 2016/06/04 v1.11 sample graphics configuration
)
Package graphics Info: Driver file: pdftex.def on input line 105.
 ("C:\Users\HP\AppData\Local\Programs\MiKTeX 2.9\tex/latex/graphics-def\pdftex.def"
File: pdftex.def 2018/01/08 v1.0l Graphics/color driver for pdftex
))
\Gin@req@height=\dimen117
\Gin@req@width=\dimen118
) ("C:\Users\HP\AppData\Local\Programs\MiKTeX 2.9\tex/latex/titlesec\titlesec.sty"
Package: titlesec 2019/10/16 v2.13 Sectioning titles
\ttl@box=\box28
\beforetitleunit=\skip45
\aftertitleunit=\skip46
\ttl@plus=\dimen119
\ttl@minus=\dimen120
\ttl@toksa=\toks17
\titlewidth=\dimen121
\titlewidthlast=\dimen122
\titlewidthfirst=\dimen123
) ("C:\Users\HP\AppData\Local\Programs\MiKTeX 2.9\tex/latex/float\float.sty"
Package: float 2001/11/08 v1.3d Float enhancements (AL)
\c@float@type=\count106
\float@exts=\toks18
\float@box=\box29
\@float@everytoks=\toks19
\@floatcapt=\box30
) (d:\GoogleDrive\dosen\uny\kuliah\2020-1\format-laporan-praktikum-latex\laporan-praktikum-digital.aux (d:\GoogleDrive\dosen\uny\kuliah\2020-1\format-laporan-praktikum-latex\cover.aux) (d:\GoogleDrive\dosen\uny\kuliah\2020-1\format-laporan-praktikum-latex\bagian-1.aux) (d:\GoogleDrive\dosen\uny\kuliah\2020-1\format-laporan-praktikum-latex\bagian-2.aux) (d:\GoogleDrive\dosen\uny\kuliah\2020-1\format-laporan-praktikum-latex\bagian-3.aux) (d:\GoogleDrive\dosen\uny\kuliah\2020-1\format-laporan-praktikum-latex\bagian-4.aux) (d:\GoogleDrive\dosen\uny\kuliah\2020-1\format-laporan-praktikum-latex\bagian-5.aux) (d:\GoogleDrive\dosen\uny\kuliah\2020-1\format-laporan-praktikum-latex\bagian-6.aux) (d:\GoogleDrive\dosen\uny\kuliah\2020-1\format-laporan-praktikum-latex\bagian-7.aux) (d:\GoogleDrive\dosen\uny\kuliah\2020-1\format-laporan-praktikum-latex\bagian-8.aux) (d:\GoogleDrive\dosen\uny\kuliah\2020-1\format-laporan-praktikum-latex\bagian-9.aux) (d:\GoogleDrive\dosen\uny\kuliah\2020-1\format-laporan-praktikum-latex\daftar-pustaka.aux))
\openout1 = `laporan-praktikum-digital.aux'.

LaTeX Font Info:    Checking defaults for OML/cmm/m/it on input line 27.
LaTeX Font Info:    ... okay on input line 27.
LaTeX Font Info:    Checking defaults for T1/cmr/m/n on input line 27.
LaTeX Font Info:    ... okay on input line 27.
LaTeX Font Info:    Checking defaults for OT1/cmr/m/n on input line 27.
LaTeX Font Info:    ... okay on input line 27.
LaTeX Font Info:    Checking defaults for OMS/cmsy/m/n on input line 27.
LaTeX Font Info:    ... okay on input line 27.
LaTeX Font Info:    Checking defaults for OMX/cmex/m/n on input line 27.
LaTeX Font Info:    ... okay on input line 27.
LaTeX Font Info:    Checking defaults for U/cmr/m/n on input line 27.
LaTeX Font Info:    ... okay on input line 27.
LaTeX Font Info:    Checking defaults for PD1/pdf/m/n on input line 27.
LaTeX Font Info:    ... okay on input line 27.

*geometry* driver: auto-detecting
*geometry* detected driver: pdftex
*geometry* verbose mode - [ preamble ] result:
* driver: pdftex
* paper: a4paper
* layout: <same size as paper>
* layoutoffset:(h,v)=(0.0pt,0.0pt)
* modes: twoside 
* h-part:(L,W,R)=(71.13188pt, 469.47049pt, 56.9055pt)
* v-part:(T,H,B)=(71.13188pt, 717.00946pt, 56.9055pt)
* \paperwidth=597.50787pt
* \paperheight=845.04684pt
* \textwidth=469.47049pt
* \textheight=717.00946pt
* \oddsidemargin=-1.1381pt
* \evensidemargin=-15.36449pt
* \topmargin=-33.0119pt
* \headheight=12.0pt
* \headsep=19.8738pt
* \topskip=12.0pt
* \footskip=30.0pt
* \marginparwidth=88.0pt
* \marginparsep=7.0pt
* \columnsep=10.0pt
* \skip\footins=10.8pt plus 4.0pt minus 2.0pt
* \hoffset=0.0pt
* \voffset=0.0pt
* \mag=1000
* \@twocolumnfalse
* \@twosidetrue
* \@mparswitchtrue
* \@reversemarginfalse
* (1in=72.27pt=25.4mm, 1cm=28.453pt)

\AtBeginShipoutBox=\box31
Package hyperref Info: Link coloring OFF on input line 27.
("C:\Users\HP\AppData\Local\Programs\MiKTeX 2.9\tex/latex/hyperref\nameref.sty"
Package: nameref 2019/09/16 v2.46 Cross-referencing by name of section
 ("C:\Users\HP\AppData\Local\Programs\MiKTeX 2.9\tex/latex/refcount\refcount.sty"
Package: refcount 2019/12/15 v3.6 Data extraction from label references (HO)
) ("C:\Users\HP\AppData\Local\Programs\MiKTeX 2.9\tex/generic/gettitlestring\gettitlestring.sty"
Package: gettitlestring 2019/12/15 v1.6 Cleanup title references (HO)
)
\c@section@level=\count107
)
LaTeX Info: Redefining \ref on input line 27.
LaTeX Info: Redefining \pageref on input line 27.
LaTeX Info: Redefining \nameref on input line 27.
 (d:\GoogleDrive\dosen\uny\kuliah\2020-1\format-laporan-praktikum-latex\laporan-praktikum-digital.out) (d:\GoogleDrive\dosen\uny\kuliah\2020-1\format-laporan-praktikum-latex\laporan-praktikum-digital.out)
\@outlinefile=\write3
\openout3 = `laporan-praktikum-digital.out'.

 ("C:\Users\HP\AppData\Local\Programs\MiKTeX 2.9\tex/context/base/mkii\supp-pdf.mkii"
[Loading MPS to PDF converter (version 2006.09.02).]
\scratchcounter=\count108
\scratchdimen=\dimen124
\scratchbox=\box32
\nofMPsegments=\count109
\nofMParguments=\count110
\everyMPshowfont=\toks20
\MPscratchCnt=\count111
\MPscratchDim=\dimen125
\MPnumerator=\count112
\makeMPintoPDFobject=\count113
\everyMPtoPDFconversion=\toks21
) ("C:\Users\HP\AppData\Local\Programs\MiKTeX 2.9\tex/latex/epstopdf-pkg\epstopdf-base.sty"
Package: epstopdf-base 2019-12-09 v2.10 Base part for package epstopdf
Package epstopdf-base Info: Redefining graphics rule for `.eps' on input line 485.
)
\openout2 = `cover.aux'.

 (d:\GoogleDrive\dosen\uny\kuliah\2020-1\format-laporan-praktikum-latex\cover.tex
<./pics/logo-uny.png, id=47, 181.1568pt x 184.5294pt>
File: ./pics/logo-uny.png Graphic file (type png)
<use ./pics/logo-uny.png>
Package pdftex.def Info: ./pics/logo-uny.png  used on input line 12.
(pdftex.def)             Requested size: 135.86725pt x 138.3967pt.
) [1




{C:/Users/HP/AppData/Local/MiKTeX/2.9/pdftex/config/pdftex.map} <./pics/logo-uny.png>] (d:\GoogleDrive\dosen\uny\kuliah\2020-1\format-laporan-praktikum-latex\laporan-praktikum-digital.toc)
\tf@toc=\write4
\openout4 = `laporan-praktikum-digital.toc'.

 [2


]
\openout2 = `bagian-1.aux'.

 (d:\GoogleDrive\dosen\uny\kuliah\2020-1\format-laporan-praktikum-latex\bagian-1.tex
Bab 1.
LaTeX Font Info:    Trying to load font information for OMS+cmr on input line 6.
("C:\Users\HP\AppData\Local\Programs\MiKTeX 2.9\tex/latex/base\omscmr.fd"
File: omscmr.fd 2014/09/29 v2.5h Standard LaTeX font definitions
)
LaTeX Font Info:    Font shape `OMS/cmr/m/n' in size <12> not available
(Font)              Font shape `OMS/cmsy/m/n' tried instead on input line 6.
) [1



]
\openout2 = `bagian-2.aux'.

 (d:\GoogleDrive\dosen\uny\kuliah\2020-1\format-laporan-praktikum-latex\bagian-2.tex
Bab 2.
<./pics/cat.jpg, id=77, 259.97125pt x 194.7275pt>
File: ./pics/cat.jpg Graphic file (type jpg)
<use ./pics/cat.jpg>
Package pdftex.def Info: ./pics/cat.jpg  used on input line 5.
(pdftex.def)             Requested size: 469.47049pt x 351.65018pt.
LaTeX Font Info:    External font `cmex10' loaded for size
(Font)              <12> on input line 6.
LaTeX Font Info:    External font `cmex10' loaded for size
(Font)              <8> on input line 6.
LaTeX Font Info:    External font `cmex10' loaded for size
(Font)              <6> on input line 6.
)

LaTeX Warning: `!h' float specifier changed to `!ht'.

[2



 <./pics/cat.jpg>] [3]
\openout2 = `bagian-3.aux'.

 (d:\GoogleDrive\dosen\uny\kuliah\2020-1\format-laporan-praktikum-latex\bagian-3.tex
Bab 3.
) [4



]
\openout2 = `bagian-4.aux'.

 (d:\GoogleDrive\dosen\uny\kuliah\2020-1\format-laporan-praktikum-latex\bagian-4.tex
Bab 4.
File: ./pics/cat.jpg Graphic file (type jpg)
<use ./pics/cat.jpg>
Package pdftex.def Info: ./pics/cat.jpg  used on input line 4.
(pdftex.def)             Requested size: 469.47049pt x 351.65018pt.
) [5



]
\openout2 = `bagian-5.aux'.

 (d:\GoogleDrive\dosen\uny\kuliah\2020-1\format-laporan-praktikum-latex\bagian-5.tex
Bab 5.
) [6



]
\openout2 = `bagian-6.aux'.

 (d:\GoogleDrive\dosen\uny\kuliah\2020-1\format-laporan-praktikum-latex\bagian-6.tex
Bab 6.
File: ./pics/cat.jpg Graphic file (type jpg)
<use ./pics/cat.jpg>
Package pdftex.def Info: ./pics/cat.jpg  used on input line 4.
(pdftex.def)             Requested size: 469.47049pt x 351.65018pt.
) [7



]
\openout2 = `bagian-7.aux'.

 (d:\GoogleDrive\dosen\uny\kuliah\2020-1\format-laporan-praktikum-latex\bagian-7.tex
Bab 7.
File: ./pics/cat.jpg Graphic file (type jpg)
<use ./pics/cat.jpg>
Package pdftex.def Info: ./pics/cat.jpg  used on input line 12.
(pdftex.def)             Requested size: 469.47049pt x 351.65018pt.
) [8



] [9]
\openout2 = `bagian-8.aux'.

 (d:\GoogleDrive\dosen\uny\kuliah\2020-1\format-laporan-praktikum-latex\bagian-8.tex
Bab 8.
File: ./pics/cat.jpg Graphic file (type jpg)
<use ./pics/cat.jpg>
Package pdftex.def Info: ./pics/cat.jpg  used on input line 4.
(pdftex.def)             Requested size: 469.47049pt x 351.65018pt.
) [10



]
\openout2 = `bagian-9.aux'.

 (d:\GoogleDrive\dosen\uny\kuliah\2020-1\format-laporan-praktikum-latex\bagian-9.tex
Bab 9.
) [11



]
\openout2 = `daftar-pustaka.aux'.

 (d:\GoogleDrive\dosen\uny\kuliah\2020-1\format-laporan-praktikum-latex\daftar-pustaka.tex) [12




]
Package atveryend Info: Empty hook `BeforeClearDocument' on input line 44.
Package atveryend Info: Empty hook `AfterLastShipout' on input line 44.
 (d:\GoogleDrive\dosen\uny\kuliah\2020-1\format-laporan-praktikum-latex\laporan-praktikum-digital.aux (d:\GoogleDrive\dosen\uny\kuliah\2020-1\format-laporan-praktikum-latex\cover.aux) (d:\GoogleDrive\dosen\uny\kuliah\2020-1\format-laporan-praktikum-latex\bagian-1.aux) (d:\GoogleDrive\dosen\uny\kuliah\2020-1\format-laporan-praktikum-latex\bagian-2.aux) (d:\GoogleDrive\dosen\uny\kuliah\2020-1\format-laporan-praktikum-latex\bagian-3.aux) (d:\GoogleDrive\dosen\uny\kuliah\2020-1\format-laporan-praktikum-latex\bagian-4.aux) (d:\GoogleDrive\dosen\uny\kuliah\2020-1\format-laporan-praktikum-latex\bagian-5.aux) (d:\GoogleDrive\dosen\uny\kuliah\2020-1\format-laporan-praktikum-latex\bagian-6.aux) (d:\GoogleDrive\dosen\uny\kuliah\2020-1\format-laporan-praktikum-latex\bagian-7.aux) (d:\GoogleDrive\dosen\uny\kuliah\2020-1\format-laporan-praktikum-latex\bagian-8.aux) (d:\GoogleDrive\dosen\uny\kuliah\2020-1\format-laporan-praktikum-latex\bagian-9.aux) (d:\GoogleDrive\dosen\uny\kuliah\2020-1\format-laporan-praktikum-latex\daftar-pustaka.aux))
Package atveryend Info: Executing hook `AtVeryEndDocument' on input line 44.
Package atveryend Info: Executing hook `AtEndAfterFileList' on input line 44.
Package rerunfilecheck Info: File `laporan-praktikum-digital.out' has not changed.
(rerunfilecheck)             Checksum: 9BC102EFA1D9F2EEFD8DD981F4071F14;552.
Package atveryend Info: Empty hook `AtVeryVeryEnd' on input line 44.
 ) 
Here is how much of TeX's memory you used:
 7102 strings out of 492483
 114731 string characters out of 3122947
 214769 words of memory out of 3000000
 11194 multiletter control sequences out of 15000+200000
 8424 words of font info for 30 fonts, out of 3000000 for 9000
 1141 hyphenation exceptions out of 8191
 40i,8n,27p,352b,327s stack positions out of 5000i,500n,10000p,200000b,50000s
<C:/Users/HP/AppData/Local/Programs/MiKTeX 2.9/fonts/type1/public/amsfonts/cm/cmbx12.pfb><C:/Users/HP/AppData/Local/Programs/MiKTeX 2.9/fonts/type1/public/amsfonts/cm/cmr12.pfb><C:/Users/HP/AppData/Local/Programs/MiKTeX 2.9/fonts/type1/public/amsfonts/cm/cmsy10.pfb><C:/Users/HP/AppData/Local/Programs/MiKTeX 2.9/fonts/type1/public/amsfonts/cm/cmtt12.pfb>
Output written on d:\GoogleDrive\dosen\uny\kuliah\2020-1\format-laporan-praktikum-latex\laporan-praktikum-digital.pdf (14 pages, 182267 bytes).
PDF statistics:
 159 PDF objects out of 1000 (max. 8388607)
 33 named destinations out of 1000 (max. 500000)
 99 words of extra memory for PDF output out of 10000 (max. 10000000)

